[2025-05-16T21:19:37.873Z] Services initialized
[2025-05-16T21:19:37.912Z] Server started in development mode
[2025-05-16T21:19:37.912Z] Serving on port 3000
[2025-05-16T21:29:24.075Z] Received SIGINT. Starting graceful shutdown...
[2025-05-16T21:30:42.960Z] Services initialized
[2025-05-16T21:30:42.987Z] Server started in development mode
[2025-05-16T21:30:42.987Z] Serving on port 3000
[2025-05-16T21:30:53.073Z] Received SIGINT. Starting graceful shutdown...
[2025-05-16T21:46:43.085Z] Services initialized
[2025-05-16T21:46:43.111Z] Server started in development mode
[2025-05-16T21:46:43.111Z] Serving on port 3000
[2025-05-16T21:46:47.954Z] Received SIGINT. Starting graceful shutdown...
[2025-05-16T21:48:59.313Z] Services initialized
[2025-05-16T21:48:59.318Z] Server started in production mode
[2025-05-16T21:48:59.318Z] Serving on port 3000
[2025-05-16T21:49:45.422Z] Received SIGINT. Starting graceful shutdown...
[2025-05-16T21:49:45.424Z] HTTP server closed
[2025-05-16T21:49:45.424Z] Shutting down database connections...
[2025-05-16T21:49:45.424Z] Database connections closed
[2025-05-16T21:49:49.147Z] Services initialized
[2025-05-16T21:49:49.152Z] Server started in production mode
[2025-05-16T21:49:49.152Z] Serving on port 3000
[2025-05-16T21:52:46.426Z] Received SIGINT. Starting graceful shutdown...
[2025-05-16T21:52:46.428Z] HTTP server closed
[2025-05-16T21:52:46.428Z] Shutting down database connections...
[2025-05-16T21:52:46.428Z] Database connections closed
[2025-05-16T21:52:50.602Z] Services initialized
[2025-05-16T21:52:50.607Z] Server started in production mode
[2025-05-16T21:52:50.607Z] Serving on port 3000
[2025-05-16T21:55:30.046Z] Received SIGINT. Starting graceful shutdown...
[2025-05-16T21:55:30.049Z] HTTP server closed, cleaning up resources...
[2025-05-16T21:55:30.049Z] Database connection closed
[2025-05-16T21:55:30.050Z] Shutdown complete, exiting process
[2025-05-16T21:56:04.356Z] Services initialized
[2025-05-16T21:56:04.361Z] Server started in production mode
[2025-05-16T21:56:04.361Z] Serving on port 3000
[2025-05-16T22:02:37.224Z] Received SIGINT. Starting graceful shutdown...
[2025-05-16T22:02:37.224Z] HTTP server closed, cleaning up resources...
[2025-05-16T22:02:37.224Z] Database connection closed
[2025-05-16T22:02:37.224Z] Shutdown complete, exiting process
[2025-05-16T22:11:01.519Z] Database connection closed
[2025-05-16T22:11:20.272Z] Database connection closed
[2025-05-16T22:11:20.273Z] Closing 5 active connections
[2025-05-16T22:17:28.273Z] Database connection closed
[2025-05-16T22:19:40.674Z] Database connection closed
[2025-05-16T22:19:40.675Z] Closing 4 active connections
[2025-05-16T22:21:17.429Z] Database connection closed
[2025-05-17T17:02:36.194Z] Database connection closed
[2025-05-17T17:04:04.118Z] Database connection closed
[2025-05-17T17:04:23.075Z] Database connection closed
[2025-05-17T17:04:23.075Z] Closing 4 active connections
[2025-05-17T17:06:47.423Z] Database connection closed
[2025-05-17T17:08:46.924Z] Database connection closed
[2025-05-17T17:28:19.032Z] Database connection closed
[2025-05-17T17:47:46.960Z] Database connection closed
[2025-05-17T17:49:55.223Z] Database connection closed
[2025-05-17T17:56:46.367Z] Database connection closed
[2025-05-17T18:00:24.925Z] Database connection closed
[2025-05-17T18:02:26.395Z] Database connection closed
[2025-05-17T18:07:05.668Z] Database connection closed
[2025-05-17T18:09:59.244Z] Database connection closed
[2025-05-17T18:12:05.434Z] Database connection closed
[2025-05-17T18:17:36.416Z] Uncaught exception: Cannot read properties of undefined (reading 'req')
[2025-05-17T18:17:40.131Z] Uncaught exception: Cannot read properties of undefined (reading 'req')
[2025-05-17T18:23:53.168Z] Database connection closed
[2025-05-17T19:19:59.251Z] Database connection closed
[2025-05-17T19:20:37.490Z] Database connection closed
[2025-05-17T19:20:37.491Z] Closing 3 active connections
[2025-05-17T19:21:22.408Z] Database connection closed
[2025-05-18T01:18:11.650Z] Database connection closed
[2025-05-18T01:18:11.651Z] Closing 1 active connections
[2025-05-21T07:02:31.044Z] Database connection closed
[2025-05-21T07:02:31.045Z] Closing 1 active connections
[2025-05-21T08:28:44.492Z] Database connection closed
[2025-05-21T08:32:24.579Z] Database connection closed
[2025-05-21T08:43:00.543Z] Database connection closed
[2025-05-21T08:51:37.015Z] Database connection closed
[2025-05-23T22:13:40.309Z] Uncaught exception: listen EADDRINUSE: address already in use 0.0.0.0:3000
[2025-05-24T00:36:25.260Z] Uncaught exception: listen EADDRINUSE: address already in use 0.0.0.0:3000
[2025-05-24T00:37:03.151Z] Uncaught exception: listen EADDRINUSE: address already in use 0.0.0.0:3000
[2025-05-24T00:40:17.606Z] Database connection closed
[2025-05-24T00:41:47.947Z] Database connection closed
[2025-05-24T04:42:47.289Z] Database connection closed
[2025-05-24T06:01:25.536Z] Database connection closed
[2025-05-24T06:10:48.389Z] Database connection closed
[2025-05-24T06:15:31.953Z] Database connection closed
[2025-05-25T02:03:57.073Z] Database connection closed
[2025-05-29T03:03:58.591Z] Database connection closed
[2025-05-29T03:05:36.711Z] Database connection closed
[2025-05-29T03:38:48.830Z] Database connection closed
[2025-05-29T03:40:47.508Z] Uncaught exception: listen EADDRINUSE: address already in use 0.0.0.0:3000
[2025-05-29T03:40:56.122Z] Uncaught exception: write EIO
[2025-05-29T03:47:05.302Z] Database connection closed
[2025-05-29T03:57:39.364Z] Database connection closed
[2025-05-29T04:28:54.717Z] Uncaught exception: listen EADDRINUSE: address already in use 0.0.0.0:3000
[2025-05-29T07:31:31.957Z] Database connection closed
[2025-05-29T07:31:42.276Z] Database connection closed
[2025-05-29T08:39:49.955Z] Uncaught exception: listen EADDRINUSE: address already in use 0.0.0.0:3000
[2025-05-29T20:33:46.323Z] Database connection closed
[2025-05-29T20:33:46.323Z] Closing 1 active connections
[2025-05-29T22:07:47.240Z] Database connection closed
[2025-05-29T22:07:47.240Z] Closing 1 active connections
[2025-05-29T22:08:16.338Z] Database connection closed
[2025-05-29T22:08:16.338Z] Closing 7 active connections
[2025-05-29T22:15:58.870Z] Database connection closed
[2025-05-29T22:15:58.871Z] Closing 2 active connections
[2025-05-29T22:23:11.995Z] Database connection closed
[2025-05-29T22:23:11.996Z] Closing 2 active connections
[2025-05-29T22:27:00.641Z] Database connection closed
[2025-05-29T22:27:00.641Z] Closing 1 active connections
[2025-05-29T22:32:05.354Z] Database connection closed
[2025-05-29T22:32:05.355Z] Closing 1 active connections
[2025-05-29T22:55:37.180Z] Database connection closed
[2025-05-30T00:18:27.758Z] Unhandled promise rejection: Error: Build failed with 1 error:
node_modules/@tinymce/tinymce-react/lib/es2015/main/ts/Utils.js:3:24: ERROR: Could not resolve "@tinymce/miniature"
[2025-05-30T00:19:37.055Z] Unhandled promise rejection: Error: Build failed with 1 error:
node_modules/@tinymce/tinymce-react/lib/es2015/main/ts/Utils.js:3:24: ERROR: Could not resolve "@tinymce/miniature"
[2025-05-30T00:48:15.735Z] Uncaught exception: listen EADDRINUSE: address already in use 0.0.0.0:3000
[2025-05-30T00:48:22.878Z] Uncaught exception: write EIO
[2025-05-30T08:05:03.115Z] Uncaught exception: listen EADDRINUSE: address already in use 0.0.0.0:3000
[2025-05-30T08:05:27.230Z] Uncaught exception: listen EADDRINUSE: address already in use 0.0.0.0:3000
[2025-05-31T01:47:37.829Z] Database connection closed
[2025-05-31T01:47:37.830Z] Closing 1 active connections
[2025-05-31T02:03:11.555Z] Uncaught exception: listen EADDRINUSE: address already in use 0.0.0.0:3000
[2025-05-31T07:28:49.297Z] Database connection closed
[2025-05-31T07:28:49.297Z] Closing 1 active connections
[2025-05-31T07:33:54.689Z] Uncaught exception: listen EADDRINUSE: address already in use 0.0.0.0:3000
[2025-06-03T06:35:17.497Z] Unhandled promise rejection: Error: Razorpay credentials not found
[2025-06-03T06:52:23.940Z] Unhandled promise rejection: Error: Razorpay credentials not found
[2025-06-03T06:54:25.232Z] Unhandled promise rejection: Error: Razorpay credentials not found
[2025-06-04T00:11:36.442Z] Unhandled promise rejection: Error: Razorpay credentials not found
[2025-06-04T01:38:47.764Z] Database connection closed
[2025-06-04T01:41:34.470Z] Database connection closed
[2025-06-04T02:14:13.328Z] Uncaught exception: terminating connection due to administrator command
[2025-06-04T02:16:32.289Z] Server started on port 3000 in development mode
[2025-06-04T02:21:01.707Z] Server started on port 3000 in development mode
[2025-06-04T02:25:50.195Z] Server started on port 3000 in development mode
[2025-06-04T02:27:31.785Z] Server started on port 3000 in development mode
[2025-06-04T18:40:57.897Z] Server started on port 3000 in development mode
[2025-06-04T19:21:52.042Z] Server started on port 3000 in development mode
[2025-06-04T19:25:28.501Z] Server started on port 3000 in development mode
[2025-06-04T19:27:21.421Z] Server started on port 3000 in development mode
[2025-06-04T19:27:29.958Z] Server started on port 3000 in development mode
[2025-06-04T19:27:55.436Z] Server started on port 3000 in development mode
[2025-06-04T19:33:32.105Z] Server started on port 3000 in development mode
[2025-06-04T19:33:39.980Z] Server started on port 3000 in development mode
[2025-06-04T19:34:07.420Z] Server started on port 3000 in development mode
[2025-06-04T19:34:20.814Z] Server started on port 3000 in development mode
[2025-06-04T19:34:29.378Z] Server started on port 3000 in development mode
[2025-06-04T19:34:41.305Z] Server started on port 3000 in development mode
[2025-06-04T19:36:27.470Z] Server started on port 3000 in development mode
[2025-06-04T19:36:37.594Z] Server started on port 3000 in development mode
[2025-06-04T19:36:54.591Z] Server started on port 3000 in development mode
[2025-06-04T19:39:48.987Z] Server started on port 3000 in development mode
[2025-06-04T19:59:54.046Z] Server started on port 3000 in development mode
[2025-06-05T01:30:00.573Z] Server started on port 3000 in development mode
[2025-06-05T01:30:10.522Z] Server started on port 3000 in development mode
[2025-06-05T01:30:21.411Z] Server started on port 3000 in development mode
[2025-06-05T01:30:41.738Z] Server started on port 3000 in development mode
[2025-06-05T01:30:55.685Z] Server started on port 3000 in development mode
[2025-06-05T01:31:04.877Z] Server started on port 3000 in development mode
[2025-06-05T01:31:13.405Z] Server started on port 3000 in development mode
[2025-06-05T01:31:21.734Z] Server started on port 3000 in development mode
[2025-06-05T01:31:30.363Z] Server started on port 3000 in development mode
[2025-06-05T01:31:39.727Z] Server started on port 3000 in development mode
[2025-06-05T01:31:57.658Z] Server started on port 3000 in development mode
[2025-06-05T01:32:27.849Z] Server started on port 3000 in development mode
[2025-06-05T01:32:46.580Z] Server started on port 3000 in development mode
[2025-06-05T01:33:03.712Z] Server started on port 3000 in development mode
[2025-06-05T01:33:15.049Z] Server started on port 3000 in development mode
[2025-06-05T01:33:23.022Z] Server started on port 3000 in development mode
[2025-06-05T01:33:34.542Z] Server started on port 3000 in development mode
[2025-06-05T01:33:44.262Z] Server started on port 3000 in development mode
[2025-06-05T01:33:58.195Z] Server started on port 3000 in development mode
