You have triggered an unhandledRejection, you may have forgotten to catch a Promise rejection:
Error [ERR_MODULE_NOT_FOUND]: Cannot find module '/Users/raja/Development/ProsumeAI/dist/server/server/src/routes/routes' imported from /Users/raja/Development/ProsumeAI/dist/server/server/index.js
    at finalizeResolution (node:internal/modules/esm/resolve:283:11)
    at moduleResolve (node:internal/modules/esm/resolve:952:10)
    at defaultResolve (node:internal/modules/esm/resolve:1188:11)
    at ModuleLoader.defaultResolve (node:internal/modules/esm/loader:642:12)
    at #cachedDefaultResolve (node:internal/modules/esm/loader:591:25)
    at ModuleLoader.resolve (node:internal/modules/esm/loader:574:38)
    at ModuleLoader.getModuleJobForImport (node:internal/modules/esm/loader:236:38)
    at ModuleJob._link (node:internal/modules/esm/module_job:130:49)
You have triggered an unhandledRejection, you may have forgotten to catch a Promise rejection:
Error [ERR_MODULE_NOT_FOUND]: Cannot find module '/Users/raja/Development/ProsumeAI/dist/server/server/src/routes/routes' imported from /Users/raja/Development/ProsumeAI/dist/server/server/index.js
    at finalizeResolution (node:internal/modules/esm/resolve:283:11)
    at moduleResolve (node:internal/modules/esm/resolve:952:10)
    at defaultResolve (node:internal/modules/esm/resolve:1188:11)
    at ModuleLoader.defaultResolve (node:internal/modules/esm/loader:642:12)
    at #cachedDefaultResolve (node:internal/modules/esm/loader:591:25)
    at ModuleLoader.resolve (node:internal/modules/esm/loader:574:38)
    at ModuleLoader.getModuleJobForImport (node:internal/modules/esm/loader:236:38)
    at ModuleJob._link (node:internal/modules/esm/module_job:130:49)
You have triggered an unhandledRejection, you may have forgotten to catch a Promise rejection:
Error [ERR_MODULE_NOT_FOUND]: Cannot find module '/Users/raja/Development/ProsumeAI/dist/server/server/src/routes/routes' imported from /Users/raja/Development/ProsumeAI/dist/server/server/index.js
    at finalizeResolution (node:internal/modules/esm/resolve:283:11)
    at moduleResolve (node:internal/modules/esm/resolve:952:10)
    at defaultResolve (node:internal/modules/esm/resolve:1188:11)
    at ModuleLoader.defaultResolve (node:internal/modules/esm/loader:642:12)
    at #cachedDefaultResolve (node:internal/modules/esm/loader:591:25)
    at ModuleLoader.resolve (node:internal/modules/esm/loader:574:38)
    at ModuleLoader.getModuleJobForImport (node:internal/modules/esm/loader:236:38)
    at ModuleJob._link (node:internal/modules/esm/module_job:130:49)
You have triggered an unhandledRejection, you may have forgotten to catch a Promise rejection:
Error [ERR_MODULE_NOT_FOUND]: Cannot find module '/Users/raja/Development/ProsumeAI/dist/server/server/src/routes/routes' imported from /Users/raja/Development/ProsumeAI/dist/server/server/index.js
    at finalizeResolution (node:internal/modules/esm/resolve:283:11)
    at moduleResolve (node:internal/modules/esm/resolve:952:10)
    at defaultResolve (node:internal/modules/esm/resolve:1188:11)
    at ModuleLoader.defaultResolve (node:internal/modules/esm/loader:642:12)
    at #cachedDefaultResolve (node:internal/modules/esm/loader:591:25)
    at ModuleLoader.resolve (node:internal/modules/esm/loader:574:38)
    at ModuleLoader.getModuleJobForImport (node:internal/modules/esm/loader:236:38)
    at ModuleJob._link (node:internal/modules/esm/module_job:130:49)
You have triggered an unhandledRejection, you may have forgotten to catch a Promise rejection:
Error [ERR_MODULE_NOT_FOUND]: Cannot find module '/Users/raja/Development/ProsumeAI/dist/server/server/src/routes/routes' imported from /Users/raja/Development/ProsumeAI/dist/server/server/index.js
    at finalizeResolution (node:internal/modules/esm/resolve:283:11)
    at moduleResolve (node:internal/modules/esm/resolve:952:10)
    at defaultResolve (node:internal/modules/esm/resolve:1188:11)
    at ModuleLoader.defaultResolve (node:internal/modules/esm/loader:642:12)
    at #cachedDefaultResolve (node:internal/modules/esm/loader:591:25)
    at ModuleLoader.resolve (node:internal/modules/esm/loader:574:38)
    at ModuleLoader.getModuleJobForImport (node:internal/modules/esm/loader:236:38)
    at ModuleJob._link (node:internal/modules/esm/module_job:130:49)
You have triggered an unhandledRejection, you may have forgotten to catch a Promise rejection:
Error [ERR_MODULE_NOT_FOUND]: Cannot find module '/Users/raja/Development/ProsumeAI/dist/server/server/src/routes/routes' imported from /Users/raja/Development/ProsumeAI/dist/server/server/index.js
    at finalizeResolution (node:internal/modules/esm/resolve:283:11)
    at moduleResolve (node:internal/modules/esm/resolve:952:10)
    at defaultResolve (node:internal/modules/esm/resolve:1188:11)
    at ModuleLoader.defaultResolve (node:internal/modules/esm/loader:642:12)
    at #cachedDefaultResolve (node:internal/modules/esm/loader:591:25)
    at ModuleLoader.resolve (node:internal/modules/esm/loader:574:38)
    at ModuleLoader.getModuleJobForImport (node:internal/modules/esm/loader:236:38)
    at ModuleJob._link (node:internal/modules/esm/module_job:130:49)
You have triggered an unhandledRejection, you may have forgotten to catch a Promise rejection:
Error [ERR_MODULE_NOT_FOUND]: Cannot find module '/Users/raja/Development/ProsumeAI/dist/server/server/src/routes/routes' imported from /Users/raja/Development/ProsumeAI/dist/server/server/index.js
    at finalizeResolution (node:internal/modules/esm/resolve:283:11)
    at moduleResolve (node:internal/modules/esm/resolve:952:10)
    at defaultResolve (node:internal/modules/esm/resolve:1188:11)
    at ModuleLoader.defaultResolve (node:internal/modules/esm/loader:642:12)
    at #cachedDefaultResolve (node:internal/modules/esm/loader:591:25)
    at ModuleLoader.resolve (node:internal/modules/esm/loader:574:38)
    at ModuleLoader.getModuleJobForImport (node:internal/modules/esm/loader:236:38)
    at ModuleJob._link (node:internal/modules/esm/module_job:130:49)
You have triggered an unhandledRejection, you may have forgotten to catch a Promise rejection:
Error [ERR_MODULE_NOT_FOUND]: Cannot find module '/Users/raja/Development/ProsumeAI/dist/server/server/src/routes/routes' imported from /Users/raja/Development/ProsumeAI/dist/server/server/index.js
    at finalizeResolution (node:internal/modules/esm/resolve:283:11)
    at moduleResolve (node:internal/modules/esm/resolve:952:10)
    at defaultResolve (node:internal/modules/esm/resolve:1188:11)
    at ModuleLoader.defaultResolve (node:internal/modules/esm/loader:642:12)
    at #cachedDefaultResolve (node:internal/modules/esm/loader:591:25)
    at ModuleLoader.resolve (node:internal/modules/esm/loader:574:38)
    at ModuleLoader.getModuleJobForImport (node:internal/modules/esm/loader:236:38)
    at ModuleJob._link (node:internal/modules/esm/module_job:130:49)
You have triggered an unhandledRejection, you may have forgotten to catch a Promise rejection:
Error [ERR_MODULE_NOT_FOUND]: Cannot find module '/Users/raja/Development/ProsumeAI/dist/server/server/src/routes/routes' imported from /Users/raja/Development/ProsumeAI/dist/server/server/index.js
    at finalizeResolution (node:internal/modules/esm/resolve:283:11)
    at moduleResolve (node:internal/modules/esm/resolve:952:10)
    at defaultResolve (node:internal/modules/esm/resolve:1188:11)
    at ModuleLoader.defaultResolve (node:internal/modules/esm/loader:642:12)
    at #cachedDefaultResolve (node:internal/modules/esm/loader:591:25)
    at ModuleLoader.resolve (node:internal/modules/esm/loader:574:38)
    at ModuleLoader.getModuleJobForImport (node:internal/modules/esm/loader:236:38)
    at ModuleJob._link (node:internal/modules/esm/module_job:130:49)
You have triggered an unhandledRejection, you may have forgotten to catch a Promise rejection:
Error [ERR_MODULE_NOT_FOUND]: Cannot find module '/Users/raja/Development/ProsumeAI/dist/server/server/src/routes/routes' imported from /Users/raja/Development/ProsumeAI/dist/server/server/index.js
    at finalizeResolution (node:internal/modules/esm/resolve:283:11)
    at moduleResolve (node:internal/modules/esm/resolve:952:10)
    at defaultResolve (node:internal/modules/esm/resolve:1188:11)
    at ModuleLoader.defaultResolve (node:internal/modules/esm/loader:642:12)
    at #cachedDefaultResolve (node:internal/modules/esm/loader:591:25)
    at ModuleLoader.resolve (node:internal/modules/esm/loader:574:38)
    at ModuleLoader.getModuleJobForImport (node:internal/modules/esm/loader:236:38)
    at ModuleJob._link (node:internal/modules/esm/module_job:130:49)
You have triggered an unhandledRejection, you may have forgotten to catch a Promise rejection:
Error [ERR_MODULE_NOT_FOUND]: Cannot find module '/Users/raja/Development/ProsumeAI/dist/server/server/src/routes/routes' imported from /Users/raja/Development/ProsumeAI/dist/server/server/index.js
    at finalizeResolution (node:internal/modules/esm/resolve:283:11)
    at moduleResolve (node:internal/modules/esm/resolve:952:10)
    at defaultResolve (node:internal/modules/esm/resolve:1188:11)
    at ModuleLoader.defaultResolve (node:internal/modules/esm/loader:642:12)
    at #cachedDefaultResolve (node:internal/modules/esm/loader:591:25)
    at ModuleLoader.resolve (node:internal/modules/esm/loader:574:38)
    at ModuleLoader.getModuleJobForImport (node:internal/modules/esm/loader:236:38)
    at ModuleJob._link (node:internal/modules/esm/module_job:130:49)
You have triggered an unhandledRejection, you may have forgotten to catch a Promise rejection:
Error [ERR_MODULE_NOT_FOUND]: Cannot find module '/Users/raja/Development/ProsumeAI/dist/server/server/src/routes/routes' imported from /Users/raja/Development/ProsumeAI/dist/server/server/index.js
    at finalizeResolution (node:internal/modules/esm/resolve:283:11)
    at moduleResolve (node:internal/modules/esm/resolve:952:10)
    at defaultResolve (node:internal/modules/esm/resolve:1188:11)
    at ModuleLoader.defaultResolve (node:internal/modules/esm/loader:642:12)
    at #cachedDefaultResolve (node:internal/modules/esm/loader:591:25)
    at ModuleLoader.resolve (node:internal/modules/esm/loader:574:38)
    at ModuleLoader.getModuleJobForImport (node:internal/modules/esm/loader:236:38)
    at ModuleJob._link (node:internal/modules/esm/module_job:130:49)
You have triggered an unhandledRejection, you may have forgotten to catch a Promise rejection:
Error [ERR_MODULE_NOT_FOUND]: Cannot find module '/Users/raja/Development/ProsumeAI/dist/server/server/src/routes/routes' imported from /Users/raja/Development/ProsumeAI/dist/server/server/index.js
    at finalizeResolution (node:internal/modules/esm/resolve:283:11)
    at moduleResolve (node:internal/modules/esm/resolve:952:10)
    at defaultResolve (node:internal/modules/esm/resolve:1188:11)
    at ModuleLoader.defaultResolve (node:internal/modules/esm/loader:642:12)
    at #cachedDefaultResolve (node:internal/modules/esm/loader:591:25)
    at ModuleLoader.resolve (node:internal/modules/esm/loader:574:38)
    at ModuleLoader.getModuleJobForImport (node:internal/modules/esm/loader:236:38)
    at ModuleJob._link (node:internal/modules/esm/module_job:130:49)
You have triggered an unhandledRejection, you may have forgotten to catch a Promise rejection:
Error [ERR_MODULE_NOT_FOUND]: Cannot find module '/Users/raja/Development/ProsumeAI/dist/server/server/src/routes/routes' imported from /Users/raja/Development/ProsumeAI/dist/server/server/index.js
    at finalizeResolution (node:internal/modules/esm/resolve:283:11)
    at moduleResolve (node:internal/modules/esm/resolve:952:10)
    at defaultResolve (node:internal/modules/esm/resolve:1188:11)
    at ModuleLoader.defaultResolve (node:internal/modules/esm/loader:642:12)
    at #cachedDefaultResolve (node:internal/modules/esm/loader:591:25)
    at ModuleLoader.resolve (node:internal/modules/esm/loader:574:38)
    at ModuleLoader.getModuleJobForImport (node:internal/modules/esm/loader:236:38)
    at ModuleJob._link (node:internal/modules/esm/module_job:130:49)
You have triggered an unhandledRejection, you may have forgotten to catch a Promise rejection:
Error [ERR_MODULE_NOT_FOUND]: Cannot find module '/Users/raja/Development/ProsumeAI/dist/server/server/src/routes/routes' imported from /Users/raja/Development/ProsumeAI/dist/server/server/index.js
    at finalizeResolution (node:internal/modules/esm/resolve:283:11)
    at moduleResolve (node:internal/modules/esm/resolve:952:10)
    at defaultResolve (node:internal/modules/esm/resolve:1188:11)
    at ModuleLoader.defaultResolve (node:internal/modules/esm/loader:642:12)
    at #cachedDefaultResolve (node:internal/modules/esm/loader:591:25)
    at ModuleLoader.resolve (node:internal/modules/esm/loader:574:38)
    at ModuleLoader.getModuleJobForImport (node:internal/modules/esm/loader:236:38)
    at ModuleJob._link (node:internal/modules/esm/module_job:130:49)
You have triggered an unhandledRejection, you may have forgotten to catch a Promise rejection:
Error [ERR_MODULE_NOT_FOUND]: Cannot find module '/Users/raja/Development/ProsumeAI/dist/server/server/src/routes/routes' imported from /Users/raja/Development/ProsumeAI/dist/server/server/index.js
    at finalizeResolution (node:internal/modules/esm/resolve:283:11)
    at moduleResolve (node:internal/modules/esm/resolve:952:10)
    at defaultResolve (node:internal/modules/esm/resolve:1188:11)
    at ModuleLoader.defaultResolve (node:internal/modules/esm/loader:642:12)
    at #cachedDefaultResolve (node:internal/modules/esm/loader:591:25)
    at ModuleLoader.resolve (node:internal/modules/esm/loader:574:38)
    at ModuleLoader.getModuleJobForImport (node:internal/modules/esm/loader:236:38)
    at ModuleJob._link (node:internal/modules/esm/module_job:130:49)
You have triggered an unhandledRejection, you may have forgotten to catch a Promise rejection:
Error [ERR_MODULE_NOT_FOUND]: Cannot find module '/Users/raja/Development/ProsumeAI/dist/server/server/src/routes/routes' imported from /Users/raja/Development/ProsumeAI/dist/server/server/index.js
    at finalizeResolution (node:internal/modules/esm/resolve:283:11)
    at moduleResolve (node:internal/modules/esm/resolve:952:10)
    at defaultResolve (node:internal/modules/esm/resolve:1188:11)
    at ModuleLoader.defaultResolve (node:internal/modules/esm/loader:642:12)
    at #cachedDefaultResolve (node:internal/modules/esm/loader:591:25)
    at ModuleLoader.resolve (node:internal/modules/esm/loader:574:38)
    at ModuleLoader.getModuleJobForImport (node:internal/modules/esm/loader:236:38)
    at ModuleJob._link (node:internal/modules/esm/module_job:130:49)
You have triggered an unhandledRejection, you may have forgotten to catch a Promise rejection:
Error [ERR_MODULE_NOT_FOUND]: Cannot find module '/Users/raja/Development/ProsumeAI/dist/server/server/src/routes/routes' imported from /Users/raja/Development/ProsumeAI/dist/server/server/index.js
    at finalizeResolution (node:internal/modules/esm/resolve:283:11)
    at moduleResolve (node:internal/modules/esm/resolve:952:10)
    at defaultResolve (node:internal/modules/esm/resolve:1188:11)
    at ModuleLoader.defaultResolve (node:internal/modules/esm/loader:642:12)
    at #cachedDefaultResolve (node:internal/modules/esm/loader:591:25)
    at ModuleLoader.resolve (node:internal/modules/esm/loader:574:38)
    at ModuleLoader.getModuleJobForImport (node:internal/modules/esm/loader:236:38)
    at ModuleJob._link (node:internal/modules/esm/module_job:130:49)
You have triggered an unhandledRejection, you may have forgotten to catch a Promise rejection:
Error [ERR_MODULE_NOT_FOUND]: Cannot find module '/Users/raja/Development/ProsumeAI/dist/server/server/src/routes/routes' imported from /Users/raja/Development/ProsumeAI/dist/server/server/index.js
    at finalizeResolution (node:internal/modules/esm/resolve:283:11)
    at moduleResolve (node:internal/modules/esm/resolve:952:10)
    at defaultResolve (node:internal/modules/esm/resolve:1188:11)
    at ModuleLoader.defaultResolve (node:internal/modules/esm/loader:642:12)
    at #cachedDefaultResolve (node:internal/modules/esm/loader:591:25)
    at ModuleLoader.resolve (node:internal/modules/esm/loader:574:38)
    at ModuleLoader.getModuleJobForImport (node:internal/modules/esm/loader:236:38)
    at ModuleJob._link (node:internal/modules/esm/module_job:130:49)
You have triggered an unhandledRejection, you may have forgotten to catch a Promise rejection:
Error [ERR_MODULE_NOT_FOUND]: Cannot find module '/Users/raja/Development/ProsumeAI/dist/server/server/src/routes/routes' imported from /Users/raja/Development/ProsumeAI/dist/server/server/index.js
    at finalizeResolution (node:internal/modules/esm/resolve:283:11)
    at moduleResolve (node:internal/modules/esm/resolve:952:10)
    at defaultResolve (node:internal/modules/esm/resolve:1188:11)
    at ModuleLoader.defaultResolve (node:internal/modules/esm/loader:642:12)
    at #cachedDefaultResolve (node:internal/modules/esm/loader:591:25)
    at ModuleLoader.resolve (node:internal/modules/esm/loader:574:38)
    at ModuleLoader.getModuleJobForImport (node:internal/modules/esm/loader:236:38)
    at ModuleJob._link (node:internal/modules/esm/module_job:130:49)
You have triggered an unhandledRejection, you may have forgotten to catch a Promise rejection:
Error [ERR_MODULE_NOT_FOUND]: Cannot find module '/Users/raja/Development/ProsumeAI/dist/server/server/src/routes/routes' imported from /Users/raja/Development/ProsumeAI/dist/server/server/index.js
    at finalizeResolution (node:internal/modules/esm/resolve:283:11)
    at moduleResolve (node:internal/modules/esm/resolve:952:10)
    at defaultResolve (node:internal/modules/esm/resolve:1188:11)
    at ModuleLoader.defaultResolve (node:internal/modules/esm/loader:642:12)
    at #cachedDefaultResolve (node:internal/modules/esm/loader:591:25)
    at ModuleLoader.resolve (node:internal/modules/esm/loader:574:38)
    at ModuleLoader.getModuleJobForImport (node:internal/modules/esm/loader:236:38)
    at ModuleJob._link (node:internal/modules/esm/module_job:130:49)
You have triggered an unhandledRejection, you may have forgotten to catch a Promise rejection:
Error [ERR_MODULE_NOT_FOUND]: Cannot find module '/Users/raja/Development/ProsumeAI/dist/server/server/src/routes/routes' imported from /Users/raja/Development/ProsumeAI/dist/server/server/index.js
    at finalizeResolution (node:internal/modules/esm/resolve:283:11)
    at moduleResolve (node:internal/modules/esm/resolve:952:10)
    at defaultResolve (node:internal/modules/esm/resolve:1188:11)
    at ModuleLoader.defaultResolve (node:internal/modules/esm/loader:642:12)
    at #cachedDefaultResolve (node:internal/modules/esm/loader:591:25)
    at ModuleLoader.resolve (node:internal/modules/esm/loader:574:38)
    at ModuleLoader.getModuleJobForImport (node:internal/modules/esm/loader:236:38)
    at ModuleJob._link (node:internal/modules/esm/module_job:130:49)
You have triggered an unhandledRejection, you may have forgotten to catch a Promise rejection:
Error [ERR_MODULE_NOT_FOUND]: Cannot find module '/Users/raja/Development/ProsumeAI/dist/server/server/src/routes/routes' imported from /Users/raja/Development/ProsumeAI/dist/server/server/index.js
    at finalizeResolution (node:internal/modules/esm/resolve:283:11)
    at moduleResolve (node:internal/modules/esm/resolve:952:10)
    at defaultResolve (node:internal/modules/esm/resolve:1188:11)
    at ModuleLoader.defaultResolve (node:internal/modules/esm/loader:642:12)
    at #cachedDefaultResolve (node:internal/modules/esm/loader:591:25)
    at ModuleLoader.resolve (node:internal/modules/esm/loader:574:38)
    at ModuleLoader.getModuleJobForImport (node:internal/modules/esm/loader:236:38)
    at ModuleJob._link (node:internal/modules/esm/module_job:130:49)
You have triggered an unhandledRejection, you may have forgotten to catch a Promise rejection:
Error [ERR_MODULE_NOT_FOUND]: Cannot find module '/Users/raja/Development/ProsumeAI/dist/server/server/src/routes/routes' imported from /Users/raja/Development/ProsumeAI/dist/server/server/index.js
    at finalizeResolution (node:internal/modules/esm/resolve:283:11)
    at moduleResolve (node:internal/modules/esm/resolve:952:10)
    at defaultResolve (node:internal/modules/esm/resolve:1188:11)
    at ModuleLoader.defaultResolve (node:internal/modules/esm/loader:642:12)
    at #cachedDefaultResolve (node:internal/modules/esm/loader:591:25)
    at ModuleLoader.resolve (node:internal/modules/esm/loader:574:38)
    at ModuleLoader.getModuleJobForImport (node:internal/modules/esm/loader:236:38)
    at ModuleJob._link (node:internal/modules/esm/module_job:130:49)
You have triggered an unhandledRejection, you may have forgotten to catch a Promise rejection:
Error [ERR_MODULE_NOT_FOUND]: Cannot find module '/Users/raja/Development/ProsumeAI/dist/server/server/src/routes/routes' imported from /Users/raja/Development/ProsumeAI/dist/server/server/index.js
    at finalizeResolution (node:internal/modules/esm/resolve:283:11)
    at moduleResolve (node:internal/modules/esm/resolve:952:10)
    at defaultResolve (node:internal/modules/esm/resolve:1188:11)
    at ModuleLoader.defaultResolve (node:internal/modules/esm/loader:642:12)
    at #cachedDefaultResolve (node:internal/modules/esm/loader:591:25)
    at ModuleLoader.resolve (node:internal/modules/esm/loader:574:38)
    at ModuleLoader.getModuleJobForImport (node:internal/modules/esm/loader:236:38)
    at ModuleJob._link (node:internal/modules/esm/module_job:130:49)
You have triggered an unhandledRejection, you may have forgotten to catch a Promise rejection:
Error [ERR_MODULE_NOT_FOUND]: Cannot find module '/Users/raja/Development/ProsumeAI/dist/server/server/src/routes/routes' imported from /Users/raja/Development/ProsumeAI/dist/server/server/index.js
    at finalizeResolution (node:internal/modules/esm/resolve:283:11)
    at moduleResolve (node:internal/modules/esm/resolve:952:10)
    at defaultResolve (node:internal/modules/esm/resolve:1188:11)
    at ModuleLoader.defaultResolve (node:internal/modules/esm/loader:642:12)
    at #cachedDefaultResolve (node:internal/modules/esm/loader:591:25)
    at ModuleLoader.resolve (node:internal/modules/esm/loader:574:38)
    at ModuleLoader.getModuleJobForImport (node:internal/modules/esm/loader:236:38)
    at ModuleJob._link (node:internal/modules/esm/module_job:130:49)
You have triggered an unhandledRejection, you may have forgotten to catch a Promise rejection:
Error [ERR_MODULE_NOT_FOUND]: Cannot find module '/Users/raja/Development/ProsumeAI/dist/server/server/src/routes/routes' imported from /Users/raja/Development/ProsumeAI/dist/server/server/index.js
    at finalizeResolution (node:internal/modules/esm/resolve:283:11)
    at moduleResolve (node:internal/modules/esm/resolve:952:10)
    at defaultResolve (node:internal/modules/esm/resolve:1188:11)
    at ModuleLoader.defaultResolve (node:internal/modules/esm/loader:642:12)
    at #cachedDefaultResolve (node:internal/modules/esm/loader:591:25)
    at ModuleLoader.resolve (node:internal/modules/esm/loader:574:38)
    at ModuleLoader.getModuleJobForImport (node:internal/modules/esm/loader:236:38)
    at ModuleJob._link (node:internal/modules/esm/module_job:130:49)
You have triggered an unhandledRejection, you may have forgotten to catch a Promise rejection:
Error [ERR_MODULE_NOT_FOUND]: Cannot find module '/Users/raja/Development/ProsumeAI/dist/server/server/src/routes/routes' imported from /Users/raja/Development/ProsumeAI/dist/server/server/index.js
    at finalizeResolution (node:internal/modules/esm/resolve:283:11)
    at moduleResolve (node:internal/modules/esm/resolve:952:10)
    at defaultResolve (node:internal/modules/esm/resolve:1188:11)
    at ModuleLoader.defaultResolve (node:internal/modules/esm/loader:642:12)
    at #cachedDefaultResolve (node:internal/modules/esm/loader:591:25)
    at ModuleLoader.resolve (node:internal/modules/esm/loader:574:38)
    at ModuleLoader.getModuleJobForImport (node:internal/modules/esm/loader:236:38)
    at ModuleJob._link (node:internal/modules/esm/module_job:130:49)
You have triggered an unhandledRejection, you may have forgotten to catch a Promise rejection:
Error [ERR_MODULE_NOT_FOUND]: Cannot find module '/Users/raja/Development/ProsumeAI/dist/server/server/src/routes/routes' imported from /Users/raja/Development/ProsumeAI/dist/server/server/index.js
    at finalizeResolution (node:internal/modules/esm/resolve:283:11)
    at moduleResolve (node:internal/modules/esm/resolve:952:10)
    at defaultResolve (node:internal/modules/esm/resolve:1188:11)
    at ModuleLoader.defaultResolve (node:internal/modules/esm/loader:642:12)
    at #cachedDefaultResolve (node:internal/modules/esm/loader:591:25)
    at ModuleLoader.resolve (node:internal/modules/esm/loader:574:38)
    at ModuleLoader.getModuleJobForImport (node:internal/modules/esm/loader:236:38)
    at ModuleJob._link (node:internal/modules/esm/module_job:130:49)
You have triggered an unhandledRejection, you may have forgotten to catch a Promise rejection:
Error [ERR_MODULE_NOT_FOUND]: Cannot find module '/Users/raja/Development/ProsumeAI/dist/server/server/src/routes/routes' imported from /Users/raja/Development/ProsumeAI/dist/server/server/index.js
    at finalizeResolution (node:internal/modules/esm/resolve:283:11)
    at moduleResolve (node:internal/modules/esm/resolve:952:10)
    at defaultResolve (node:internal/modules/esm/resolve:1188:11)
    at ModuleLoader.defaultResolve (node:internal/modules/esm/loader:642:12)
    at #cachedDefaultResolve (node:internal/modules/esm/loader:591:25)
    at ModuleLoader.resolve (node:internal/modules/esm/loader:574:38)
    at ModuleLoader.getModuleJobForImport (node:internal/modules/esm/loader:236:38)
    at ModuleJob._link (node:internal/modules/esm/module_job:130:49)
You have triggered an unhandledRejection, you may have forgotten to catch a Promise rejection:
Error [ERR_MODULE_NOT_FOUND]: Cannot find module '/Users/raja/Development/ProsumeAI/dist/server/server/src/routes/routes' imported from /Users/raja/Development/ProsumeAI/dist/server/server/index.js
    at finalizeResolution (node:internal/modules/esm/resolve:283:11)
    at moduleResolve (node:internal/modules/esm/resolve:952:10)
    at defaultResolve (node:internal/modules/esm/resolve:1188:11)
    at ModuleLoader.defaultResolve (node:internal/modules/esm/loader:642:12)
    at #cachedDefaultResolve (node:internal/modules/esm/loader:591:25)
    at ModuleLoader.resolve (node:internal/modules/esm/loader:574:38)
    at ModuleLoader.getModuleJobForImport (node:internal/modules/esm/loader:236:38)
    at ModuleJob._link (node:internal/modules/esm/module_job:130:49)
You have triggered an unhandledRejection, you may have forgotten to catch a Promise rejection:
Error [ERR_MODULE_NOT_FOUND]: Cannot find module '/Users/raja/Development/ProsumeAI/dist/server/server/src/routes/routes' imported from /Users/raja/Development/ProsumeAI/dist/server/server/index.js
    at finalizeResolution (node:internal/modules/esm/resolve:283:11)
    at moduleResolve (node:internal/modules/esm/resolve:952:10)
    at defaultResolve (node:internal/modules/esm/resolve:1188:11)
    at ModuleLoader.defaultResolve (node:internal/modules/esm/loader:642:12)
    at #cachedDefaultResolve (node:internal/modules/esm/loader:591:25)
    at ModuleLoader.resolve (node:internal/modules/esm/loader:574:38)
    at ModuleLoader.getModuleJobForImport (node:internal/modules/esm/loader:236:38)
    at ModuleJob._link (node:internal/modules/esm/module_job:130:49)
You have triggered an unhandledRejection, you may have forgotten to catch a Promise rejection:
Error [ERR_MODULE_NOT_FOUND]: Cannot find module '/Users/raja/Development/ProsumeAI/dist/server/server/src/routes/routes' imported from /Users/raja/Development/ProsumeAI/dist/server/server/index.js
    at finalizeResolution (node:internal/modules/esm/resolve:283:11)
    at moduleResolve (node:internal/modules/esm/resolve:952:10)
    at defaultResolve (node:internal/modules/esm/resolve:1188:11)
    at ModuleLoader.defaultResolve (node:internal/modules/esm/loader:642:12)
    at #cachedDefaultResolve (node:internal/modules/esm/loader:591:25)
    at ModuleLoader.resolve (node:internal/modules/esm/loader:574:38)
    at ModuleLoader.getModuleJobForImport (node:internal/modules/esm/loader:236:38)
    at ModuleJob._link (node:internal/modules/esm/module_job:130:49)
You have triggered an unhandledRejection, you may have forgotten to catch a Promise rejection:
Error [ERR_MODULE_NOT_FOUND]: Cannot find module '/Users/raja/Development/ProsumeAI/dist/server/server/src/routes/routes' imported from /Users/raja/Development/ProsumeAI/dist/server/server/index.js
    at finalizeResolution (node:internal/modules/esm/resolve:283:11)
    at moduleResolve (node:internal/modules/esm/resolve:952:10)
    at defaultResolve (node:internal/modules/esm/resolve:1188:11)
    at ModuleLoader.defaultResolve (node:internal/modules/esm/loader:642:12)
    at #cachedDefaultResolve (node:internal/modules/esm/loader:591:25)
    at ModuleLoader.resolve (node:internal/modules/esm/loader:574:38)
    at ModuleLoader.getModuleJobForImport (node:internal/modules/esm/loader:236:38)
    at ModuleJob._link (node:internal/modules/esm/module_job:130:49)
You have triggered an unhandledRejection, you may have forgotten to catch a Promise rejection:
Error [ERR_MODULE_NOT_FOUND]: Cannot find module '/Users/raja/Development/ProsumeAI/dist/server/server/src/routes/routes' imported from /Users/raja/Development/ProsumeAI/dist/server/server/index.js
    at finalizeResolution (node:internal/modules/esm/resolve:283:11)
    at moduleResolve (node:internal/modules/esm/resolve:952:10)
    at defaultResolve (node:internal/modules/esm/resolve:1188:11)
    at ModuleLoader.defaultResolve (node:internal/modules/esm/loader:642:12)
    at #cachedDefaultResolve (node:internal/modules/esm/loader:591:25)
    at ModuleLoader.resolve (node:internal/modules/esm/loader:574:38)
    at ModuleLoader.getModuleJobForImport (node:internal/modules/esm/loader:236:38)
    at ModuleJob._link (node:internal/modules/esm/module_job:130:49)
You have triggered an unhandledRejection, you may have forgotten to catch a Promise rejection:
Error [ERR_MODULE_NOT_FOUND]: Cannot find module '/Users/raja/Development/ProsumeAI/dist/server/server/src/routes/routes' imported from /Users/raja/Development/ProsumeAI/dist/server/server/index.js
    at finalizeResolution (node:internal/modules/esm/resolve:283:11)
    at moduleResolve (node:internal/modules/esm/resolve:952:10)
    at defaultResolve (node:internal/modules/esm/resolve:1188:11)
    at ModuleLoader.defaultResolve (node:internal/modules/esm/loader:642:12)
    at #cachedDefaultResolve (node:internal/modules/esm/loader:591:25)
    at ModuleLoader.resolve (node:internal/modules/esm/loader:574:38)
    at ModuleLoader.getModuleJobForImport (node:internal/modules/esm/loader:236:38)
    at ModuleJob._link (node:internal/modules/esm/module_job:130:49)
You have triggered an unhandledRejection, you may have forgotten to catch a Promise rejection:
Error [ERR_MODULE_NOT_FOUND]: Cannot find module '/Users/raja/Development/ProsumeAI/dist/server/server/src/routes/routes' imported from /Users/raja/Development/ProsumeAI/dist/server/server/index.js
    at finalizeResolution (node:internal/modules/esm/resolve:283:11)
    at moduleResolve (node:internal/modules/esm/resolve:952:10)
    at defaultResolve (node:internal/modules/esm/resolve:1188:11)
    at ModuleLoader.defaultResolve (node:internal/modules/esm/loader:642:12)
    at #cachedDefaultResolve (node:internal/modules/esm/loader:591:25)
    at ModuleLoader.resolve (node:internal/modules/esm/loader:574:38)
    at ModuleLoader.getModuleJobForImport (node:internal/modules/esm/loader:236:38)
    at ModuleJob._link (node:internal/modules/esm/module_job:130:49)
You have triggered an unhandledRejection, you may have forgotten to catch a Promise rejection:
Error [ERR_MODULE_NOT_FOUND]: Cannot find module '/Users/raja/Development/ProsumeAI/dist/server/server/src/routes/routes' imported from /Users/raja/Development/ProsumeAI/dist/server/server/index.js
    at finalizeResolution (node:internal/modules/esm/resolve:283:11)
    at moduleResolve (node:internal/modules/esm/resolve:952:10)
    at defaultResolve (node:internal/modules/esm/resolve:1188:11)
    at ModuleLoader.defaultResolve (node:internal/modules/esm/loader:642:12)
    at #cachedDefaultResolve (node:internal/modules/esm/loader:591:25)
    at ModuleLoader.resolve (node:internal/modules/esm/loader:574:38)
    at ModuleLoader.getModuleJobForImport (node:internal/modules/esm/loader:236:38)
    at ModuleJob._link (node:internal/modules/esm/module_job:130:49)
You have triggered an unhandledRejection, you may have forgotten to catch a Promise rejection:
Error [ERR_MODULE_NOT_FOUND]: Cannot find module '/Users/raja/Development/ProsumeAI/dist/server/server/src/routes/routes' imported from /Users/raja/Development/ProsumeAI/dist/server/server/index.js
    at finalizeResolution (node:internal/modules/esm/resolve:283:11)
    at moduleResolve (node:internal/modules/esm/resolve:952:10)
    at defaultResolve (node:internal/modules/esm/resolve:1188:11)
    at ModuleLoader.defaultResolve (node:internal/modules/esm/loader:642:12)
    at #cachedDefaultResolve (node:internal/modules/esm/loader:591:25)
    at ModuleLoader.resolve (node:internal/modules/esm/loader:574:38)
    at ModuleLoader.getModuleJobForImport (node:internal/modules/esm/loader:236:38)
    at ModuleJob._link (node:internal/modules/esm/module_job:130:49)
